[I 2026-06-15 15:52:07,372] A new study created in RDB with name: lio_v2_full_indoor1
=== Optuna full-bag tuning: lio_v2_full_indoor1 (KF + registration) ===
  bag /u/97/habibip1/unix/point_cloud_registeration_benchmark/dataset/Tier/Livox_avia/indoor1_avia/indoor1_avia
  gt /u/97/habibip1/unix/point_cloud_registeration_benchmark/dataset/Tier/Livox_avia/indoor1_avia/indoor1_avia.tum
  rate 0.3  storage sqlite:////u/97/habibip1/unix/ros2_ws/src/regnonrep/tum/optuna_full/lio_v2_full_indoor1.db
  trials 50 (done: 0)
[trial0000] ATE-RMSE=2.2641 m  matched=520  (394s)
[I 2026-06-15 15:58:41,344] Trial 0 finished with value: 2.2640696260554103 and parameters: {'imu_base_weight': 0.3870861069626262, 'ieskf_sigma_gyro': 0.007969454818643935, 'ieskf_sigma_accel': 0.029106359131330698, 'ieskf_sigma_bg': 0.00015751320499779721, 'ieskf_sigma_ba': 0.0002051338263087451, 'ieskf_meas_noise_pos': 0.0026364803038431655, 'ieskf_meas_noise_rot': 0.001360354613611808, 'ieskf_init_p_cov': 2.9154431891537547, 'ieskf_init_bg_cov': 0.002537815508265664, 'ieskf_init_ba_cov': 0.006796578090758156, 'ieskf_init_g_cov': 0.00012087541473056971, 'gicp_chi2_threshold': 194.2828719107789, 'ieskf_max_iters': 5, 'motion_rot_noise_scale': 2.9110519961044856, 'motion_trans_pos_noise_scale': 0.990942339314793, 'zupt_sigma_v': 0.002327067708383781, 'soft_z_sigma': 0.0328774741399112, 'gicp_max_corr_distance': 2.86140394234507, 'gicp_voxel_size': 0.13518080333310004, 'gicp_max_iterations': 43, 'gicp_submap_radius': 32.53338026250708, 'gicp_min_conf': 0.11277223729341883, 'map_voxel': 0.08439228148542131}. Best is trial 0 with value: 2.2640696260554103.
[trial0001] ATE-RMSE=2.2056 m  matched=540  (847s)
[I 2026-06-15 16:12:48,132] Trial 1 finished with value: 2.2056200032872892 and parameters: {'imu_base_weight': 0.3797256589643225, 'ieskf_sigma_gyro': 0.000816845589476017, 'ieskf_sigma_accel': 0.037183641805732096, 'ieskf_sigma_bg': 2.5081156860452307e-05, 'ieskf_sigma_ba': 0.0010677482709481358, 'ieskf_meas_noise_pos': 0.039710847107924725, 'ieskf_meas_noise_rot': 0.0012790390175145834, 'ieskf_init_p_cov': 0.26926469100861794, 'ieskf_init_bg_cov': 4.809461967501571e-05, 'ieskf_init_ba_cov': 1.8205657658407255e-05, 'ieskf_init_g_cov': 0.6245139574743068, 'gicp_chi2_threshold': 193.47008628416629, 'ieskf_max_iters': 5, 'motion_rot_noise_scale': 3.741523922560336, 'motion_trans_pos_noise_scale': 0.578593358631281, 'zupt_sigma_v': 0.0233596350262616, 'soft_z_sigma': 0.055950746357947966, 'gicp_max_corr_distance': 1.0491720568015048, 'gicp_voxel_size': 0.15636765183901852, 'gicp_max_iterations': 22, 'gicp_submap_radius': 45.91941809354519, 'gicp_min_conf': 0.1664509917200076, 'map_voxel': 0.1638749409902834}. Best is trial 1 with value: 2.2056200032872892.
[trial0002] ATE-RMSE=2.2313 m  matched=451  (394s)
[I 2026-06-15 16:19:22,147] Trial 2 finished with value: 2.231287506707918 and parameters: {'imu_base_weight': 0.33053996848046985, 'ieskf_sigma_gyro': 0.001096821720752952, 'ieskf_sigma_accel': 0.0123999678368461, 'ieskf_sigma_bg': 2.3426581058204037e-05, 'ieskf_sigma_ba': 0.00869299151113955, 'ieskf_meas_noise_pos': 0.12361188797337339, 'ieskf_meas_noise_rot': 0.1451494001648588, 'ieskf_init_p_cov': 3.7958531426706403, 'ieskf_init_bg_cov': 0.002463768595899745, 'ieskf_init_ba_cov': 0.04869640941520897, 'ieskf_init_g_cov': 0.00022592797420156976, 'gicp_chi2_threshold': 47.236743859637585, 'ieskf_max_iters': 1, 'motion_rot_noise_scale': 3.927972976869379, 'motion_trans_pos_noise_scale': 2.004518719478462, 'zupt_sigma_v': 0.003488976654890368, 'soft_z_sigma': 0.2558586885593425, 'gicp_max_corr_distance': 2.105389970121152, 'gicp_voxel_size': 0.09547826400522687, 'gicp_max_iterations': 63, 'gicp_submap_radius': 11.341590123864318, 'gicp_min_conf': 0.41098864133931784, 'map_voxel': 0.05714545315186696}. Best is trial 1 with value: 2.2056200032872892.
[trial0003] ATE-RMSE=3.0994 m  matched=541  (394s)
[I 2026-06-15 16:25:55,946] Trial 3 finished with value: 3.0994021746792395 and parameters: {'imu_base_weight': 0.9381982429404655, 'ieskf_sigma_gyro': 0.0035033984911586884, 'ieskf_sigma_accel': 0.002497073714505273, 'ieskf_sigma_bg': 1.0257563974185649e-05, 'ieskf_sigma_ba': 0.004274869455295219, 'ieskf_meas_noise_pos': 0.08086987436021253, 'ieskf_meas_noise_rot': 0.04758470274910409, 'ieskf_init_p_cov': 1.2164139351417065, 'ieskf_init_bg_cov': 1.97778285124627e-05, 'ieskf_init_ba_cov': 0.00027155819552829395, 'ieskf_init_g_cov': 0.00029072088906598463, 'gicp_chi2_threshold': 173.98965091636276, 'ieskf_max_iters': 4, 'motion_rot_noise_scale': 3.9780822236738427, 'motion_trans_pos_noise_scale': 0.4114359164015159, 'zupt_sigma_v': 0.004187594718900628, 'soft_z_sigma': 0.03568426123255424, 'gicp_max_corr_distance': 3.783227802521288, 'gicp_voxel_size': 0.21703385059446995, 'gicp_max_iterations': 91, 'gicp_submap_radius': 26.24967163228772, 'gicp_min_conf': 0.10381741067223577, 'map_voxel': 0.17946605955889605}. Best is trial 1 with value: 2.2056200032872892.
[trial0004] ATE-RMSE=1.7974 m  matched=548  (394s)
[I 2026-06-15 16:32:29,778] Trial 4 finished with value: 1.7973838949003662 and parameters: {'imu_base_weight': 0.7347065437552077, 'ieskf_sigma_gyro': 0.0013260331922696556, 'ieskf_sigma_accel': 0.03482846706526884, 'ieskf_sigma_bg': 9.718319944817387e-05, 'ieskf_sigma_ba': 0.0011103647313054626, 'ieskf_meas_noise_pos': 0.014253462720121492, 'ieskf_meas_noise_rot': 0.0011441689901040717, 'ieskf_init_p_cov': 0.0027012557725439087, 'ieskf_init_bg_cov': 1.3357240411974104e-05, 'ieskf_init_ba_cov': 0.003512704726270845, 'ieskf_init_g_cov': 0.0018089390092767149, 'gicp_chi2_threshold': 106.62843132129353, 'ieskf_max_iters': 6, 'motion_rot_noise_scale': 3.2436300623398746, 'motion_trans_pos_noise_scale': 2.110876322874586, 'zupt_sigma_v': 0.03244160088734161, 'soft_z_sigma': 0.024474916579073802, 'gicp_max_corr_distance': 0.8464095942295684, 'gicp_voxel_size': 0.09743645106784236, 'gicp_max_iterations': 33, 'gicp_submap_radius': 46.83639435541579, 'gicp_min_conf': 0.41365417080398764, 'map_voxel': 0.1555442386368446}. Best is trial 4 with value: 1.7973838949003662.
[trial0005] ATE-RMSE=46.5553 m  matched=553  (394s)
[I 2026-06-15 16:39:03,628] Trial 5 finished with value: 46.555344079250496 and parameters: {'imu_base_weight': 0.8343145311689459, 'ieskf_sigma_gyro': 0.004048966222584676, 'ieskf_sigma_accel': 0.0023612399244412607, 'ieskf_sigma_bg': 0.0006097025297491432, 'ieskf_sigma_ba': 0.0011986281799901185, 'ieskf_meas_noise_pos': 0.15109731920685004, 'ieskf_meas_noise_rot': 0.11532752183396916, 'ieskf_init_p_cov': 0.018707420137660268, 'ieskf_init_bg_cov': 2.7555462077796642e-05, 'ieskf_init_ba_cov': 8.160948743089913e-05, 'ieskf_init_g_cov': 0.0051101206564971614, 'gicp_chi2_threshold': 165.4228055252737, 'ieskf_max_iters': 6, 'motion_rot_noise_scale': 1.0625691747807164, 'motion_trans_pos_noise_scale': 2.602661782630072, 'zupt_sigma_v': 0.006836314065022723, 'soft_z_sigma': 0.02384264912981741, 'gicp_max_corr_distance': 1.0393941530015727, 'gicp_voxel_size': 0.10878904785643856, 'gicp_max_iterations': 96, 'gicp_submap_radius': 19.544131940933987, 'gicp_min_conf': 0.28345577978451475, 'map_voxel': 0.17620778267449794}. Best is trial 4 with value: 1.7973838949003662.
[trial0006] ATE-RMSE=2.0749 m  matched=542  (394s)
[I 2026-06-15 16:45:37,690] Trial 6 finished with value: 2.074861596400181 and parameters: {'imu_base_weight': 0.3772666421413645, 'ieskf_sigma_gyro': 0.008781408196485976, 'ieskf_sigma_accel': 0.08411909465645724, 'ieskf_sigma_bg': 3.188339735100187e-05, 'ieskf_sigma_ba': 0.0009874088417386245, 'ieskf_meas_noise_pos': 0.0064872634203362554, 'ieskf_meas_noise_rot': 0.00452299931051646, 'ieskf_init_p_cov': 0.0014045842344024703, 'ieskf_init_bg_cov': 0.0027431991397796683, 'ieskf_init_ba_cov': 0.0010249816559563208, 'ieskf_init_g_cov': 0.0001606626792172772, 'gicp_chi2_threshold': 62.94282820495617, 'ieskf_max_iters': 6, 'motion_rot_noise_scale': 3.1560570160027517, 'motion_trans_pos_noise_scale': 0.8099848732469932, 'zupt_sigma_v': 0.009525889086580771, 'soft_z_sigma': 0.472705392113142, 'gicp_max_corr_distance': 1.589248721801752, 'gicp_voxel_size': 0.235020394939813, 'gicp_max_iterations': 81, 'gicp_submap_radius': 15.693689479657985, 'gicp_min_conf': 0.3776973568753368, 'map_voxel': 0.09664088734421582}. Best is trial 4 with value: 1.7973838949003662.
[trial0007] ATE-RMSE=13.9627 m  matched=560  (394s)
[I 2026-06-15 16:52:12,182] Trial 7 finished with value: 13.962659901561262 and parameters: {'imu_base_weight': 0.6190752475342215, 'ieskf_sigma_gyro': 0.0018495216589727262, 'ieskf_sigma_accel': 0.011790965486776316, 'ieskf_sigma_bg': 1.5155823539597614e-05, 'ieskf_sigma_ba': 0.00468387170811873, 'ieskf_meas_noise_pos': 0.007341347358329406, 'ieskf_meas_noise_rot': 0.002686486652554112, 'ieskf_init_p_cov': 0.001455796149025199, 'ieskf_init_bg_cov': 0.002309786149269356, 'ieskf_init_ba_cov': 0.0051316549551483235, 'ieskf_init_g_cov': 0.0001165068111898614, 'gicp_chi2_threshold': 107.29768107686338, 'ieskf_max_iters': 2, 'motion_rot_noise_scale': 6.806555113685048, 'motion_trans_pos_noise_scale': 0.9543955021244581, 'zupt_sigma_v': 0.024092145436664776, 'soft_z_sigma': 0.04539957141179767, 'gicp_max_corr_distance': 4.715284949315305, 'gicp_voxel_size': 0.06862635752322088, 'gicp_max_iterations': 47, 'gicp_submap_radius': 10.106308455826507, 'gicp_min_conf': 0.46611212822535325, 'map_voxel': 0.2408090027508654}. Best is trial 4 with value: 1.7973838949003662.
[trial0008] ATE-RMSE=2.0737 m  matched=309  (395s)
[I 2026-06-15 16:58:47,705] Trial 8 finished with value: 2.0736793610347566 and parameters: {'imu_base_weight': 0.28214746494364, 'ieskf_sigma_gyro': 0.002089142634385646, 'ieskf_sigma_accel': 0.043096738082034555, 'ieskf_sigma_bg': 0.00012894414393074176, 'ieskf_sigma_ba': 0.0011463075602214, 'ieskf_meas_noise_pos': 0.004495231668058586, 'ieskf_meas_noise_rot': 0.0016376921277031107, 'ieskf_init_p_cov': 3.8802797007866876, 'ieskf_init_bg_cov': 0.039964301676942524, 'ieskf_init_ba_cov': 0.00340726434853019, 'ieskf_init_g_cov': 0.002270487755790924, 'gicp_chi2_threshold': 76.34981917640557, 'ieskf_max_iters': 5, 'motion_rot_noise_scale': 9.073992339573193, 'motion_trans_pos_noise_scale': 4.446723478899075, 'zupt_sigma_v': 0.036287002255540685, 'soft_z_sigma': 0.12325158377757167, 'gicp_max_corr_distance': 0.8786298424777197, 'gicp_voxel_size': 0.07254353563117091, 'gicp_max_iterations': 92, 'gicp_submap_radius': 32.289307684681546, 'gicp_min_conf': 0.05413867322748334, 'map_voxel': 0.05996947022946623}. Best is trial 4 with value: 1.7973838949003662.
[trial0009] ATE-RMSE=2.1253 m  matched=483  (395s)
[I 2026-06-15 17:05:22,832] Trial 9 finished with value: 2.125306658904413 and parameters: {'imu_base_weight': 0.6471515921972502, 'ieskf_sigma_gyro': 0.00010235832435175117, 'ieskf_sigma_accel': 0.002097085333143113, 'ieskf_sigma_bg': 0.00012516058337570362, 'ieskf_sigma_ba': 0.0024198608614538677, 'ieskf_meas_noise_pos': 0.057494179877722436, 'ieskf_meas_noise_rot': 0.0032813337705313913, 'ieskf_init_p_cov': 0.7058572590901792, 'ieskf_init_bg_cov': 8.891936446296254e-05, 'ieskf_init_ba_cov': 0.0002002621122934531, 'ieskf_init_g_cov': 0.09682012086882462, 'gicp_chi2_threshold': 133.4302508189708, 'ieskf_max_iters': 6, 'motion_rot_noise_scale': 6.91851603070309, 'motion_trans_pos_noise_scale': 2.884712156343811, 'zupt_sigma_v': 0.0015393931002140857, 'soft_z_sigma': 0.042144229620572855, 'gicp_max_corr_distance': 1.6934106545677645, 'gicp_voxel_size': 0.0876919338775243, 'gicp_max_iterations': 98, 'gicp_submap_radius': 22.689397610004217, 'gicp_min_conf': 0.451420949829701, 'map_voxel': 0.15491423093430018}. Best is trial 4 with value: 1.7973838949003662.
[trial0010] ATE-RMSE=3.3598 m  matched=540  (395s)
[I 2026-06-15 17:11:58,115] Trial 10 finished with value: 3.3597708325307822 and parameters: {'imu_base_weight': 0.09382297970021769, 'ieskf_sigma_gyro': 0.00020197761759846444, 'ieskf_sigma_accel': 0.0010353677627159778, 'ieskf_sigma_bg': 0.0007321173243252613, 'ieskf_sigma_ba': 0.00011674940838837022, 'ieskf_meas_noise_pos': 0.0012720909211968647, 'ieskf_meas_noise_rot': 0.01816685270836173, 'ieskf_init_p_cov': 0.04159566743044208, 'ieskf_init_bg_cov': 0.06135465318705152, 'ieskf_init_ba_cov': 0.09320745757067897, 'ieskf_init_g_cov': 0.02300905373674917, 'gicp_chi2_threshold': 13.840757715131545, 'ieskf_max_iters': 3, 'motion_rot_noise_scale': 9.82476749585545, 'motion_trans_pos_noise_scale': 4.929167021118573, 'zupt_sigma_v': 0.07432308912830163, 'soft_z_sigma': 0.010675232516979126, 'gicp_max_corr_distance': 4.979950193444586, 'gicp_voxel_size': 0.3848334366645898, 'gicp_max_iterations': 20, 'gicp_submap_radius': 48.05856631494798, 'gicp_min_conf': 0.2875005018635144, 'map_voxel': 0.2950717318366187}. Best is trial 4 with value: 1.7973838949003662.
[trial0011] ATE-RMSE=2.2626 m  matched=279  (395s)
[I 2026-06-15 17:18:33,774] Trial 11 finished with value: 2.262649851313761 and parameters: {'imu_base_weight': 0.12773202963734348, 'ieskf_sigma_gyro': 0.0004957547237088648, 'ieskf_sigma_accel': 0.09553475141808554, 'ieskf_sigma_bg': 9.347025934645898e-05, 'ieskf_sigma_ba': 0.00044797291871180096, 'ieskf_meas_noise_pos': 0.014761999534851212, 'ieskf_meas_noise_rot': 0.010053852635889917, 'ieskf_init_p_cov': 9.941450502972591, 'ieskf_init_bg_cov': 0.07015296696952183, 'ieskf_init_ba_cov': 0.0037064816891977104, 'ieskf_init_g_cov': 0.002100480586383112, 'gicp_chi2_threshold': 92.64342869102728, 'ieskf_max_iters': 4, 'motion_rot_noise_scale': 9.713808996471096, 'motion_trans_pos_noise_scale': 4.770790640855161, 'zupt_sigma_v': 0.08182870407399152, 'soft_z_sigma': 0.11090483022229687, 'gicp_max_corr_distance': 0.6635427004618956, 'gicp_voxel_size': 0.054118833775869395, 'gicp_max_iterations': 70, 'gicp_submap_radius': 36.0120120343188, 'gicp_min_conf': 0.2532745610635381, 'map_voxel': 0.052770571847605155}. Best is trial 4 with value: 1.7973838949003662.
