[I 2026-06-16 12:25:40,118] Trial 32 finished with value: 2.20531840493479 and parameters: {'imu_base_weight': 0.54453682517723, 'ieskf_sigma_gyro': 0.006331639152617073, 'ieskf_sigma_accel': 0.02389513347575667, 'ieskf_sigma_bg': 0.00018375123416440297, 'ieskf_sigma_ba': 0.00012569190684958182, 'ieskf_meas_noise_pos': 0.0023682537261756798, 'ieskf_meas_noise_rot': 0.006967880740043633, 'ieskf_init_p_cov': 0.021332173731163334, 'ieskf_init_bg_cov': 0.00478244247251219, 'ieskf_init_ba_cov': 0.008551650429171765, 'ieskf_init_g_cov': 0.0003042949880496156, 'gicp_chi2_threshold': 20.805837704947518, 'ieskf_max_iters': 5, 'motion_rot_noise_scale': 3.4527340421368082, 'motion_trans_pos_noise_scale': 1.3810779900433439, 'zupt_sigma_v': 0.0047332667509673056, 'soft_z_sigma': 0.14963195523140427, 'gicp_max_corr_distance': 2.3883154711297143, 'gicp_voxel_size': 0.13742404966915364, 'gicp_max_iterations': 46, 'gicp_submap_radius': 14.569342534611785, 'gicp_min_conf': 0.37478254740531614, 'map_voxel': 0.07860865635052845}. Best is trial 22 with value: 1.7453275797914858.
[trial0033] ATE-RMSE=1.7933 m  matched=504  (394s)
[I 2026-06-16 12:32:14,396] Trial 33 finished with value: 1.7933053617132977 and parameters: {'imu_base_weight': 0.4320699072191313, 'ieskf_sigma_gyro': 0.006306687069754637, 'ieskf_sigma_accel': 0.01558626289285462, 'ieskf_sigma_bg': 0.00014898345801890687, 'ieskf_sigma_ba': 0.00018162591740718384, 'ieskf_meas_noise_pos': 0.0032475325293318895, 'ieskf_meas_noise_rot': 0.0044053379669555005, 'ieskf_init_p_cov': 0.007356218060353753, 'ieskf_init_bg_cov': 0.019318073901163593, 'ieskf_init_ba_cov': 0.005524485308617179, 'ieskf_init_g_cov': 0.0004481944129958167, 'gicp_chi2_threshold': 29.347589393777078, 'ieskf_max_iters': 6, 'motion_rot_noise_scale': 2.595167583406408, 'motion_trans_pos_noise_scale': 1.1619018243739925, 'zupt_sigma_v': 0.001988289155647282, 'soft_z_sigma': 0.09889423143502808, 'gicp_max_corr_distance': 2.0578227700500515, 'gicp_voxel_size': 0.1621121777931418, 'gicp_max_iterations': 26, 'gicp_submap_radius': 19.323962607074513, 'gicp_min_conf': 0.32124134395340276, 'map_voxel': 0.07370877233890985}. Best is trial 22 with value: 1.7453275797914858.
[trial0034] ATE-RMSE=2.2304 m  matched=484  (394s)
[I 2026-06-16 12:38:48,619] Trial 34 finished with value: 2.230370374725368 and parameters: {'imu_base_weight': 0.42838081198399436, 'ieskf_sigma_gyro': 0.005400704927893926, 'ieskf_sigma_accel': 0.008995419187585705, 'ieskf_sigma_bg': 0.0002751088457343421, 'ieskf_sigma_ba': 0.00016635886352681797, 'ieskf_meas_noise_pos': 0.003655833271633954, 'ieskf_meas_noise_rot': 0.00376071730459909, 'ieskf_init_p_cov': 0.00903594107515887, 'ieskf_init_bg_cov': 0.020835379444924678, 'ieskf_init_ba_cov': 0.04985718355413099, 'ieskf_init_g_cov': 0.6981665419671174, 'gicp_chi2_threshold': 47.640521626950424, 'ieskf_max_iters': 6, 'motion_rot_noise_scale': 2.7426823073205266, 'motion_trans_pos_noise_scale': 2.0224472671541958, 'zupt_sigma_v': 0.0019793498995788776, 'soft_z_sigma': 0.09680377147920827, 'gicp_max_corr_distance': 2.098107037963093, 'gicp_voxel_size': 0.16650925112500112, 'gicp_max_iterations': 26, 'gicp_submap_radius': 19.344084667245312, 'gicp_min_conf': 0.31837874439432384, 'map_voxel': 0.09210572868005565}. Best is trial 22 with value: 1.7453275797914858.
[trial0035] ATE-RMSE=2.2911 m  matched=525  (394s)
[I 2026-06-16 12:45:22,918] Trial 35 finished with value: 2.2911115318750728 and parameters: {'imu_base_weight': 0.33939902651786796, 'ieskf_sigma_gyro': 0.0010458544352547152, 'ieskf_sigma_accel': 0.015948916896832203, 'ieskf_sigma_bg': 0.00013923050583830517, 'ieskf_sigma_ba': 0.008061242249043398, 'ieskf_meas_noise_pos': 0.0014657658271480696, 'ieskf_meas_noise_rot': 0.0048823010527511345, 'ieskf_init_p_cov': 0.0058216905585377265, 'ieskf_init_bg_cov': 0.09940596955384004, 'ieskf_init_ba_cov': 0.004969571370362415, 'ieskf_init_g_cov': 0.0011352283898293206, 'gicp_chi2_threshold': 10.226138885623755, 'ieskf_max_iters': 6, 'motion_rot_noise_scale': 1.6266851022640467, 'motion_trans_pos_noise_scale': 1.0578079450188653, 'zupt_sigma_v': 0.0025934076314720915, 'soft_z_sigma': 0.082120801543677, 'gicp_max_corr_distance': 1.3903043224012892, 'gicp_voxel_size': 0.18513150658812585, 'gicp_max_iterations': 28, 'gicp_submap_radius': 27.311026543560978, 'gicp_min_conf': 0.4259352303587992, 'map_voxel': 0.07244959161948308}. Best is trial 22 with value: 1.7453275797914858.
[trial0036] ATE-RMSE=10.5751 m  matched=549  (394s)
[I 2026-06-16 12:51:57,096] Trial 36 finished with value: 10.575144619039861 and parameters: {'imu_base_weight': 0.880455205419457, 'ieskf_sigma_gyro': 0.00312546504364813, 'ieskf_sigma_accel': 0.008184842665352327, 'ieskf_sigma_bg': 9.292054081215568e-05, 'ieskf_sigma_ba': 0.0009513454624021622, 'ieskf_meas_noise_pos': 0.0063464026753455435, 'ieskf_meas_noise_rot': 0.0013392584390804186, 'ieskf_init_p_cov': 0.001906571574851538, 'ieskf_init_bg_cov': 0.0010264757450100534, 'ieskf_init_ba_cov': 0.0017291239448864906, 'ieskf_init_g_cov': 0.00018300104360355704, 'gicp_chi2_threshold': 53.69956192478258, 'ieskf_max_iters': 1, 'motion_rot_noise_scale': 3.9303335215128676, 'motion_trans_pos_noise_scale': 1.7172790896080778, 'zupt_sigma_v': 0.0015373109576504486, 'soft_z_sigma': 0.0526902008852832, 'gicp_max_corr_distance': 1.8756247960623629, 'gicp_voxel_size': 0.12126857059568208, 'gicp_max_iterations': 35, 'gicp_submap_radius': 24.642962221912516, 'gicp_min_conf': 0.25596620422474914, 'map_voxel': 0.15419457829928143}. Best is trial 22 with value: 1.7453275797914858.
[trial0037] ATE-RMSE=11.2678 m  matched=534  (394s)
[I 2026-06-16 12:58:31,351] Trial 37 finished with value: 11.267781471856054 and parameters: {'imu_base_weight': 0.7035032562571252, 'ieskf_sigma_gyro': 0.004214459132673093, 'ieskf_sigma_accel': 0.004248292387623102, 'ieskf_sigma_bg': 5.456748261758373e-05, 'ieskf_sigma_ba': 0.0015150368991769603, 'ieskf_meas_noise_pos': 0.0018963523882424638, 'ieskf_meas_noise_rot': 0.0025405332689007647, 'ieskf_init_p_cov': 0.0010019847754600564, 'ieskf_init_bg_cov': 4.025885102093691e-05, 'ieskf_init_ba_cov': 0.012727238426475489, 'ieskf_init_g_cov': 0.0028718229273892518, 'gicp_chi2_threshold': 39.71972154550583, 'ieskf_max_iters': 6, 'motion_rot_noise_scale': 2.5477109315572015, 'motion_trans_pos_noise_scale': 0.46588997159156686, 'zupt_sigma_v': 0.003708931837358665, 'soft_z_sigma': 0.19309528511710086, 'gicp_max_corr_distance': 3.12553924268554, 'gicp_voxel_size': 0.20799708442987458, 'gicp_max_iterations': 64, 'gicp_submap_radius': 18.831695429715307, 'gicp_min_conf': 0.3984607235439268, 'map_voxel': 0.13372176116253118}. Best is trial 22 with value: 1.7453275797914858.
[trial0038] ATE-RMSE=1.9563 m  matched=529  (1320s)
[I 2026-06-16 13:20:31,885] Trial 38 finished with value: 1.9562789034643624 and parameters: {'imu_base_weight': 0.41664306513092403, 'ieskf_sigma_gyro': 0.008274317485013949, 'ieskf_sigma_accel': 0.033440146208710005, 'ieskf_sigma_bg': 2.1767638605294327e-05, 'ieskf_sigma_ba': 0.00021328177764771148, 'ieskf_meas_noise_pos': 0.03823849579396825, 'ieskf_meas_noise_rot': 0.012577971921494057, 'ieskf_init_p_cov': 0.003599669864931747, 'ieskf_init_bg_cov': 0.047412462868912306, 'ieskf_init_ba_cov': 0.037845665833083846, 'ieskf_init_g_cov': 0.00010296856153833087, 'gicp_chi2_threshold': 197.10570509535398, 'ieskf_max_iters': 6, 'motion_rot_noise_scale': 1.5305810068960681, 'motion_trans_pos_noise_scale': 0.7517197022814881, 'zupt_sigma_v': 0.010321194274906536, 'soft_z_sigma': 0.2728717367114405, 'gicp_max_corr_distance': 1.8563743945712772, 'gicp_voxel_size': 0.09790845213090124, 'gicp_max_iterations': 24, 'gicp_submap_radius': 16.21123596058292, 'gicp_min_conf': 0.4689438194810803, 'map_voxel': 0.10232774223789098}. Best is trial 22 with value: 1.7453275797914858.
[trial0039] ATE-RMSE=4.1327 m  matched=516  (394s)
[I 2026-06-16 13:27:06,318] Trial 39 finished with value: 4.132675951196042 and parameters: {'imu_base_weight': 0.36878150208898336, 'ieskf_sigma_gyro': 0.0008670692864628845, 'ieskf_sigma_accel': 0.079631969776111, 'ieskf_sigma_bg': 3.5474678253355484e-05, 'ieskf_sigma_ba': 0.0009178359151483669, 'ieskf_meas_noise_pos': 0.009064050926681036, 'ieskf_meas_noise_rot': 0.004901584313265161, 'ieskf_init_p_cov': 0.006415873857139275, 'ieskf_init_bg_cov': 0.02194623061311748, 'ieskf_init_ba_cov': 0.0044360070613190476, 'ieskf_init_g_cov': 0.007241888984268679, 'gicp_chi2_threshold': 144.68499422992542, 'ieskf_max_iters': 5, 'motion_rot_noise_scale': 3.2706035614317734, 'motion_trans_pos_noise_scale': 1.098328417391785, 'zupt_sigma_v': 0.006731259028411225, 'soft_z_sigma': 0.3919946797782136, 'gicp_max_corr_distance': 1.2809091155736052, 'gicp_voxel_size': 0.15422696625588345, 'gicp_max_iterations': 88, 'gicp_submap_radius': 11.57549220112225, 'gicp_min_conf': 0.3503049641210321, 'map_voxel': 0.08622628081759857}. Best is trial 22 with value: 1.7453275797914858.
[trial0040] ATE-RMSE=2.2297 m  matched=364  (394s)
[I 2026-06-16 13:33:40,787] Trial 40 finished with value: 2.2296632257859654 and parameters: {'imu_base_weight': 0.585009353230329, 'ieskf_sigma_gyro': 0.0006061663009138461, 'ieskf_sigma_accel': 0.05170058646631912, 'ieskf_sigma_bg': 1.1018011623048922e-05, 'ieskf_sigma_ba': 0.00024366577810964966, 'ieskf_meas_noise_pos': 0.005290880911837362, 'ieskf_meas_noise_rot': 0.026863347179643154, 'ieskf_init_p_cov': 0.0018039943974377493, 'ieskf_init_bg_cov': 0.0018101588353089122, 'ieskf_init_ba_cov': 0.0006293589488221984, 'ieskf_init_g_cov': 0.0002512364723432172, 'gicp_chi2_threshold': 177.98525509065908, 'ieskf_max_iters': 6, 'motion_rot_noise_scale': 3.7882896893259588, 'motion_trans_pos_noise_scale': 2.15224553137689, 'zupt_sigma_v': 0.026154714137405232, 'soft_z_sigma': 0.058502631368099564, 'gicp_max_corr_distance': 2.5519563085742187, 'gicp_voxel_size': 0.27519642343914835, 'gicp_max_iterations': 40, 'gicp_submap_radius': 8.822334936869817, 'gicp_min_conf': 0.3149591182081713, 'map_voxel': 0.05166892740331058}. Best is trial 22 with value: 1.7453275797914858.
[trial0041] ATE-RMSE=2.2349 m  matched=396  (394s)
[I 2026-06-16 13:40:15,189] Trial 41 finished with value: 2.2349065942464543 and parameters: {'imu_base_weight': 0.0520943594447244, 'ieskf_sigma_gyro': 0.002577886959166414, 'ieskf_sigma_accel': 0.09702955311209895, 'ieskf_sigma_bg': 2.5149636784175055e-05, 'ieskf_sigma_ba': 0.0034433001901184334, 'ieskf_meas_noise_pos': 0.003228639874337913, 'ieskf_meas_noise_rot': 0.0030729089466029176, 'ieskf_init_p_cov': 0.01736373657498192, 'ieskf_init_bg_cov': 0.007653018821018539, 'ieskf_init_ba_cov': 0.00037418903638934887, 'ieskf_init_g_cov': 0.2996120393335583, 'gicp_chi2_threshold': 65.71712646162177, 'ieskf_max_iters': 5, 'motion_rot_noise_scale': 4.2489175705330915, 'motion_trans_pos_noise_scale': 1.1481343957766483, 'zupt_sigma_v': 0.001063380419578637, 'soft_z_sigma': 0.013742150664515012, 'gicp_max_corr_distance': 4.3938516351016865, 'gicp_voxel_size': 0.09642157168674273, 'gicp_max_iterations': 52, 'gicp_submap_radius': 20.772191003479566, 'gicp_min_conf': 0.4553024157507723, 'map_voxel': 0.058206244983669116}. Best is trial 22 with value: 1.7453275797914858.
[trial0042] ATE-RMSE=1.9954 m  matched=527  (394s)
[I 2026-06-16 13:46:49,567] Trial 42 finished with value: 1.9953565392497639 and parameters: {'imu_base_weight': 0.4290175093341343, 'ieskf_sigma_gyro': 0.0074864995667376436, 'ieskf_sigma_accel': 0.015052826823567365, 'ieskf_sigma_bg': 2.129998955487012e-05, 'ieskf_sigma_ba': 0.0001703171002031299, 'ieskf_meas_noise_pos': 0.0559558317486372, 'ieskf_meas_noise_rot': 0.014860752682125677, 'ieskf_init_p_cov': 0.003370274928022685, 'ieskf_init_bg_cov': 0.050282151579022515, 'ieskf_init_ba_cov': 0.04662611640918602, 'ieskf_init_g_cov': 0.0001162764356470856, 'gicp_chi2_threshold': 192.62732483154045, 'ieskf_max_iters': 6, 'motion_rot_noise_scale': 1.446767131291615, 'motion_trans_pos_noise_scale': 0.7292363512898032, 'zupt_sigma_v': 0.011751230908174965, 'soft_z_sigma': 0.24906447158811412, 'gicp_max_corr_distance': 1.8161362283154285, 'gicp_voxel_size': 0.09249419392212364, 'gicp_max_iterations': 26, 'gicp_submap_radius': 16.508314307934537, 'gicp_min_conf': 0.47409292603180564, 'map_voxel': 0.10420134114330594}. Best is trial 22 with value: 1.7453275797914858.
[trial0043] ATE-RMSE=3.4097 m  matched=480  (395s)
[I 2026-06-16 13:53:24,734] Trial 43 finished with value: 3.4097282831068116 and parameters: {'imu_base_weight': 0.2692955247140225, 'ieskf_sigma_gyro': 0.00972404772569559, 'ieskf_sigma_accel': 0.03347799101822025, 'ieskf_sigma_bg': 1.3910060479849248e-05, 'ieskf_sigma_ba': 0.0002545383535507043, 'ieskf_meas_noise_pos': 0.13123616162028529, 'ieskf_meas_noise_rot': 0.008828042081640553, 'ieskf_init_p_cov': 0.003369683474690309, 'ieskf_init_bg_cov': 0.041237957780049475, 'ieskf_init_ba_cov': 1.3566840982681416e-05, 'ieskf_init_g_cov': 0.0001011579791610711, 'gicp_chi2_threshold': 168.73699293717232, 'ieskf_max_iters': 6, 'motion_rot_noise_scale': 2.0406783259571197, 'motion_trans_pos_noise_scale': 0.675959365977642, 'zupt_sigma_v': 0.0066635239320191305, 'soft_z_sigma': 0.2985790980609124, 'gicp_max_corr_distance': 2.214763325362382, 'gicp_voxel_size': 0.08251679199748858, 'gicp_max_iterations': 22, 'gicp_submap_radius': 13.355264395741454, 'gicp_min_conf': 0.4203139725916581, 'map_voxel': 0.09875414487707043}. Best is trial 22 with value: 1.7453275797914858.
[trial0044] ATE-RMSE=2.9158 m  matched=537  (394s)
[I 2026-06-16 13:59:59,322] Trial 44 finished with value: 2.9158234760513517 and parameters: {'imu_base_weight': 0.39720326310857207, 'ieskf_sigma_gyro': 0.007456889411170219, 'ieskf_sigma_accel': 0.031126129855651018, 'ieskf_sigma_bg': 2.5410304701817565e-05, 'ieskf_sigma_ba': 0.00020420782734066262, 'ieskf_meas_noise_pos': 0.046359120548966036, 'ieskf_meas_noise_rot': 0.18836299959578862, 'ieskf_init_p_cov': 0.001553399328563294, 'ieskf_init_bg_cov': 0.05900254191840928, 'ieskf_init_ba_cov': 0.029963763728857153, 'ieskf_init_g_cov': 0.0006440067853796076, 'gicp_chi2_threshold': 153.05416557949786, 'ieskf_max_iters': 6, 'motion_rot_noise_scale': 1.0456230449386326, 'motion_trans_pos_noise_scale': 2.632791987301397, 'zupt_sigma_v': 0.009112491777631258, 'soft_z_sigma': 0.13688770197500993, 'gicp_max_corr_distance': 1.6011711482348092, 'gicp_voxel_size': 0.10120704538550097, 'gicp_max_iterations': 24, 'gicp_submap_radius': 16.43264517343825, 'gicp_min_conf': 0.4997707884469779, 'map_voxel': 0.17657443436155715}. Best is trial 22 with value: 1.7453275797914858.
[trial0045] ATE-RMSE=2.3250 m  matched=408  (394s)
[I 2026-06-16 14:06:33,987] Trial 45 finished with value: 2.3249905099188526 and parameters: {'imu_base_weight': 0.4670856726617635, 'ieskf_sigma_gyro': 0.0041662150879602676, 'ieskf_sigma_accel': 0.04270104888942143, 'ieskf_sigma_bg': 0.0001478217885541869, 'ieskf_sigma_ba': 0.000360296359477392, 'ieskf_meas_noise_pos': 0.09955498147189658, 'ieskf_meas_noise_rot': 0.012650323190460389, 'ieskf_init_p_cov': 0.006993149940684364, 'ieskf_init_bg_cov': 0.02679567295864699, 'ieskf_init_ba_cov': 0.06402216131870343, 'ieskf_init_g_cov': 0.0003270068662891329, 'gicp_chi2_threshold': 197.89646780812458, 'ieskf_max_iters': 6, 'motion_rot_noise_scale': 2.6401663289621844, 'motion_trans_pos_noise_scale': 0.1205596420713575, 'zupt_sigma_v': 0.011172556604575362, 'soft_z_sigma': 0.030157344387074365, 'gicp_max_corr_distance': 1.9892761857228, 'gicp_voxel_size': 0.23628861413953212, 'gicp_max_iterations': 31, 'gicp_submap_radius': 25.59036037146188, 'gicp_min_conf': 0.39307489764934167, 'map_voxel': 0.09259522498611186}. Best is trial 22 with value: 1.7453275797914858.
[trial0046] ATE-RMSE=2.0759 m  matched=465  (395s)
[I 2026-06-16 14:13:09,394] Trial 46 finished with value: 2.0759164146664526 and parameters: {'imu_base_weight': 0.32413839375742437, 'ieskf_sigma_gyro': 0.005171477966866785, 'ieskf_sigma_accel': 0.061181993940978285, 'ieskf_sigma_bg': 0.00028411822641941195, 'ieskf_sigma_ba': 0.0012700212917299489, 'ieskf_meas_noise_pos': 0.0332505543557762, 'ieskf_meas_noise_rot': 0.004027024624225385, 'ieskf_init_p_cov': 0.0013918621180805967, 'ieskf_init_bg_cov': 0.00010260633449680586, 'ieskf_init_ba_cov': 0.003145803934990252, 'ieskf_init_g_cov': 0.00017340391809724656, 'gicp_chi2_threshold': 186.50219993512684, 'ieskf_max_iters': 5, 'motion_rot_noise_scale': 1.5696094275163746, 'motion_trans_pos_noise_scale': 0.8491547261275447, 'zupt_sigma_v': 0.01770473613080686, 'soft_z_sigma': 0.4552174126018115, 'gicp_max_corr_distance': 0.8348149313426116, 'gicp_voxel_size': 0.12381821845876355, 'gicp_max_iterations': 41, 'gicp_submap_radius': 45.31302580651975, 'gicp_min_conf': 0.45101749732643953, 'map_voxel': 0.15259501876927326}. Best is trial 22 with value: 1.7453275797914858.
[trial0047] ATE-RMSE=2.0040 m  matched=451  (396s)
[I 2026-06-16 14:19:45,419] Trial 47 finished with value: 2.004010096863823 and parameters: {'imu_base_weight': 0.8723906504714396, 'ieskf_sigma_gyro': 0.00842286049727019, 'ieskf_sigma_accel': 0.07702610169851642, 'ieskf_sigma_bg': 0.000472738285115789, 'ieskf_sigma_ba': 0.00010550775903494313, 'ieskf_meas_noise_pos': 0.24810968568808792, 'ieskf_meas_noise_rot': 0.05165558198369964, 'ieskf_init_p_cov': 0.004240675473473288, 'ieskf_init_bg_cov': 0.010379352461162504, 'ieskf_init_ba_cov': 0.03160017933124203, 'ieskf_init_g_cov': 0.0014011318828509596, 'gicp_chi2_threshold': 25.449173873751096, 'ieskf_max_iters': 6, 'motion_rot_noise_scale': 3.1078991094658424, 'motion_trans_pos_noise_scale': 1.6674823679512563, 'zupt_sigma_v': 0.0037411463065512587, 'soft_z_sigma': 0.03679626922072312, 'gicp_max_corr_distance': 2.232818146805939, 'gicp_voxel_size': 0.06252278445675388, 'gicp_max_iterations': 96, 'gicp_submap_radius': 17.748000860714427, 'gicp_min_conf': 0.35596137315986176, 'map_voxel': 0.12000139505238162}. Best is trial 22 with value: 1.7453275797914858.
[trial0048] ATE-RMSE=1.8767 m  matched=534  (396s)
[I 2026-06-16 14:26:21,402] Trial 48 finished with value: 1.876694008784422 and parameters: {'imu_base_weight': 0.6670003615918159, 'ieskf_sigma_gyro': 0.0017833074672668656, 'ieskf_sigma_accel': 0.025725864580252663, 'ieskf_sigma_bg': 2.025773362111223e-05, 'ieskf_sigma_ba': 0.005362598213116071, 'ieskf_meas_noise_pos': 0.019010363398542476, 'ieskf_meas_noise_rot': 0.007572182094509039, 'ieskf_init_p_cov': 0.002527834751755912, 'ieskf_init_bg_cov': 0.0036497179821639828, 'ieskf_init_ba_cov': 0.013841215228763108, 'ieskf_init_g_cov': 0.0021011308675577137, 'gicp_chi2_threshold': 94.3443067324934, 'ieskf_max_iters': 6, 'motion_rot_noise_scale': 2.3258503918011555, 'motion_trans_pos_noise_scale': 1.1950216651519947, 'zupt_sigma_v': 0.001882181465753874, 'soft_z_sigma': 0.21420444686684575, 'gicp_max_corr_distance': 1.6896879540904384, 'gicp_voxel_size': 0.3473693003516435, 'gicp_max_iterations': 21, 'gicp_submap_radius': 10.070683447838576, 'gicp_min_conf': 0.26447551761380056, 'map_voxel': 0.2730484546080553}. Best is trial 22 with value: 1.7453275797914858.
[trial0049] ATE-RMSE=4.9656 m  matched=521  (939s)
[I 2026-06-16 14:42:00,836] Trial 49 finished with value: 4.965611750283241 and parameters: {'imu_base_weight': 0.7154864976505327, 'ieskf_sigma_gyro': 0.001012790863154233, 'ieskf_sigma_accel': 0.024209859204561784, 'ieskf_sigma_bg': 0.0001179513979448032, 'ieskf_sigma_ba': 0.007370043201946365, 'ieskf_meas_noise_pos': 0.014581886822668911, 'ieskf_meas_noise_rot': 0.005846713848875905, 'ieskf_init_p_cov': 0.012843506765589877, 'ieskf_init_bg_cov': 0.003609556190452908, 'ieskf_init_ba_cov': 0.005721970377133915, 'ieskf_init_g_cov': 0.021956496645434895, 'gicp_chi2_threshold': 94.08461218036393, 'ieskf_max_iters': 5, 'motion_rot_noise_scale': 2.453353987160824, 'motion_trans_pos_noise_scale': 1.9943379388791291, 'zupt_sigma_v': 0.0019842920620406577, 'soft_z_sigma': 0.12783604845716331, 'gicp_max_corr_distance': 1.170382200762893, 'gicp_voxel_size': 0.3133065171296242, 'gicp_max_iterations': 20, 'gicp_submap_radius': 9.09407075458213, 'gicp_min_conf': 0.24143083297411874, 'map_voxel': 0.2953523171821924}. Best is trial 22 with value: 1.7453275797914858.
[trial0050] ATE-RMSE=2.1447 m  matched=527  (396s)
[I 2026-06-16 14:48:36,968] Trial 50 finished with value: 2.1446580938316053 and parameters: {'imu_base_weight': 0.6934253083471598, 'ieskf_sigma_gyro': 0.0017358485015412427, 'ieskf_sigma_accel': 0.012851566830726358, 'ieskf_sigma_bg': 7.028552274561472e-05, 'ieskf_sigma_ba': 0.009570295918819107, 'ieskf_meas_noise_pos': 0.021866520795145467, 'ieskf_meas_noise_rot': 0.002325558488513979, 'ieskf_init_p_cov': 0.04378884416727118, 'ieskf_init_bg_cov': 1.6791434049246414e-05, 'ieskf_init_ba_cov': 0.013351003848471156, 'ieskf_init_g_cov': 0.0025546251710322813, 'gicp_chi2_threshold': 118.08376241941423, 'ieskf_max_iters': 6, 'motion_rot_noise_scale': 3.5648130182798066, 'motion_trans_pos_noise_scale': 2.6893568699597874, 'zupt_sigma_v': 0.0013599242436074417, 'soft_z_sigma': 0.09586437086035712, 'gicp_max_corr_distance': 0.7933839902000451, 'gicp_voxel_size': 0.3650594416306595, 'gicp_max_iterations': 80, 'gicp_submap_radius': 10.26001444205565, 'gicp_min_conf': 0.28051051513761344, 'map_voxel': 0.21758748055558402}. Best is trial 22 with value: 1.7453275797914858.
[trial0051] ATE-RMSE=5.9583 m  matched=516  (396s)
