[I 2026-06-16 14:55:12,824] Trial 51 finished with value: 5.958290254280829 and parameters: {'imu_base_weight': 0.8067504334858214, 'ieskf_sigma_gyro': 0.0015253224278213122, 'ieskf_sigma_accel': 0.016911070167759702, 'ieskf_sigma_bg': 4.4658728761371946e-05, 'ieskf_sigma_ba': 0.005661775885294001, 'ieskf_meas_noise_pos': 0.012255020026822161, 'ieskf_meas_noise_rot': 0.007576551378488666, 'ieskf_init_p_cov': 0.0024171953596007364, 'ieskf_init_bg_cov': 0.0001838959654619444, 'ieskf_init_ba_cov': 0.0013319668585891388, 'ieskf_init_g_cov': 0.0037119369824955874, 'gicp_chi2_threshold': 72.35095122658875, 'ieskf_max_iters': 2, 'motion_rot_noise_scale': 3.010157422187591, 'motion_trans_pos_noise_scale': 1.1587467412968433, 'zupt_sigma_v': 0.0028327982463169765, 'soft_z_sigma': 0.2108359398979975, 'gicp_max_corr_distance': 1.5065548531652448, 'gicp_voxel_size': 0.391028041413216, 'gicp_max_iterations': 36, 'gicp_submap_radius': 20.625948133689686, 'gicp_min_conf': 0.3315771545063795, 'map_voxel': 0.2688149058877062}. Best is trial 22 with value: 1.7453275797914858.
[trial0052] ATE-RMSE=2.2701 m  matched=469  (4387s)
[I 2026-06-16 16:08:19,900] Trial 52 finished with value: 2.270060370552554 and parameters: {'imu_base_weight': 0.6640379937957019, 'ieskf_sigma_gyro': 0.002218829091837419, 'ieskf_sigma_accel': 0.04299053890306858, 'ieskf_sigma_bg': 2.926568559599776e-05, 'ieskf_sigma_ba': 0.000541842755138322, 'ieskf_meas_noise_pos': 0.019724639055274905, 'ieskf_meas_noise_rot': 0.0121921454132297, 'ieskf_init_p_cov': 0.004829717206476616, 'ieskf_init_bg_cov': 0.016455771261429435, 'ieskf_init_ba_cov': 0.09833994401725078, 'ieskf_init_g_cov': 0.00021937914085845466, 'gicp_chi2_threshold': 87.21169501983204, 'ieskf_max_iters': 6, 'motion_rot_noise_scale': 1.7617838559512928, 'motion_trans_pos_noise_scale': 0.3896248057757756, 'zupt_sigma_v': 0.0021317896707924036, 'soft_z_sigma': 0.2639224534128997, 'gicp_max_corr_distance': 1.7684290128930011, 'gicp_voxel_size': 0.45683047096732343, 'gicp_max_iterations': 24, 'gicp_submap_radius': 14.699585742482412, 'gicp_min_conf': 0.22525488997483342, 'map_voxel': 0.19430151817746222}. Best is trial 22 with value: 1.7453275797914858.
[trial0053] ATE-RMSE=1.9243 m  matched=432  (397s)
[I 2026-06-16 16:14:57,387] Trial 53 finished with value: 1.9243087217689012 and parameters: {'imu_base_weight': 0.5748635912035269, 'ieskf_sigma_gyro': 0.002918295874868646, 'ieskf_sigma_accel': 0.025309404112781972, 'ieskf_sigma_bg': 2.1167026598851006e-05, 'ieskf_sigma_ba': 0.001787374809940258, 'ieskf_meas_noise_pos': 0.03524785187917275, 'ieskf_meas_noise_rot': 0.009969297445768664, 'ieskf_init_p_cov': 0.0031148523281465043, 'ieskf_init_bg_cov': 0.06498930183878102, 'ieskf_init_ba_cov': 0.022579016042252823, 'ieskf_init_g_cov': 0.00041843252779838203, 'gicp_chi2_threshold': 136.49618442870252, 'ieskf_max_iters': 6, 'motion_rot_noise_scale': 1.2780884469866487, 'motion_trans_pos_noise_scale': 1.6011098456414234, 'zupt_sigma_v': 0.003281701419740088, 'soft_z_sigma': 0.17540663211673954, 'gicp_max_corr_distance': 2.648718703223381, 'gicp_voxel_size': 0.3306630570690581, 'gicp_max_iterations': 32, 'gicp_submap_radius': 7.554969303507377, 'gicp_min_conf': 0.26785502941661227, 'map_voxel': 0.2543506602546319}. Best is trial 22 with value: 1.7453275797914858.
[trial0054] ATE-RMSE=26.8162 m  matched=526  (399s)
[I 2026-06-16 16:21:37,449] Trial 54 finished with value: 26.816242498002165 and parameters: {'imu_base_weight': 0.5574457152664777, 'ieskf_sigma_gyro': 0.0030596936438007693, 'ieskf_sigma_accel': 0.023166151500329545, 'ieskf_sigma_bg': 1.7968697083061214e-05, 'ieskf_sigma_ba': 0.005615899704458682, 'ieskf_meas_noise_pos': 0.07529600263347726, 'ieskf_meas_noise_rot': 0.009338063626247145, 'ieskf_init_p_cov': 0.0012510476373441583, 'ieskf_init_bg_cov': 0.06801547406895211, 'ieskf_init_ba_cov': 0.02194470864643792, 'ieskf_init_g_cov': 0.0006786225617098868, 'gicp_chi2_threshold': 133.97675398958071, 'ieskf_max_iters': 6, 'motion_rot_noise_scale': 2.3477495271988067, 'motion_trans_pos_noise_scale': 1.6861723875027335, 'zupt_sigma_v': 0.0017487674038423728, 'soft_z_sigma': 0.1891036547289244, 'gicp_max_corr_distance': 2.6055697902302666, 'gicp_voxel_size': 0.3208943230591388, 'gicp_max_iterations': 32, 'gicp_submap_radius': 5.87309609532741, 'gicp_min_conf': 0.2679004749602706, 'map_voxel': 0.26662782138085933}. Best is trial 22 with value: 1.7453275797914858.
[trial0055] ATE-RMSE=10.3376 m  matched=555  (394s)
[I 2026-06-16 16:28:11,716] Trial 55 finished with value: 10.337607815630594 and parameters: {'imu_base_weight': 0.6486993956226268, 'ieskf_sigma_gyro': 0.0019534342227972845, 'ieskf_sigma_accel': 0.019150896926181014, 'ieskf_sigma_bg': 1.2493028452884778e-05, 'ieskf_sigma_ba': 0.002154546506924448, 'ieskf_meas_noise_pos': 0.025228167946615723, 'ieskf_meas_noise_rot': 0.0014854679876907906, 'ieskf_init_p_cov': 0.0018197300420328653, 'ieskf_init_bg_cov': 0.009730886984805757, 'ieskf_init_ba_cov': 0.010874156561506696, 'ieskf_init_g_cov': 0.0003635185447026262, 'gicp_chi2_threshold': 98.3317762960717, 'ieskf_max_iters': 6, 'motion_rot_noise_scale': 1.3285812655799778, 'motion_trans_pos_noise_scale': 1.9510294956495353, 'zupt_sigma_v': 0.0012696892155118426, 'soft_z_sigma': 0.2241967641036713, 'gicp_max_corr_distance': 3.1347546286311356, 'gicp_voxel_size': 0.26920375508458916, 'gicp_max_iterations': 28, 'gicp_submap_radius': 11.390584016828475, 'gicp_min_conf': 0.19558857186616882, 'map_voxel': 0.2460640667809888}. Best is trial 22 with value: 1.7453275797914858.
[trial0056] ATE-RMSE=35.4949 m  matched=557  (394s)
[I 2026-06-16 16:34:46,056] Trial 56 finished with value: 35.494889898114096 and parameters: {'imu_base_weight': 0.6166711176468569, 'ieskf_sigma_gyro': 0.0013179572979030415, 'ieskf_sigma_accel': 0.011694694259096066, 'ieskf_sigma_bg': 1.6928572667864594e-05, 'ieskf_sigma_ba': 0.0016852560664658014, 'ieskf_meas_noise_pos': 0.008284640048798218, 'ieskf_meas_noise_rot': 0.0030747690111011844, 'ieskf_init_p_cov': 0.002213100678086158, 'ieskf_init_bg_cov': 0.031103622455150446, 'ieskf_init_ba_cov': 0.003564833553623348, 'ieskf_init_g_cov': 0.0018782150320841124, 'gicp_chi2_threshold': 103.42954685835451, 'ieskf_max_iters': 5, 'motion_rot_noise_scale': 1.9357289387816705, 'motion_trans_pos_noise_scale': 2.2140355375472276, 'zupt_sigma_v': 0.002503544773360099, 'soft_z_sigma': 0.1735311482883883, 'gicp_max_corr_distance': 2.984905702398586, 'gicp_voxel_size': 0.3368146321067445, 'gicp_max_iterations': 20, 'gicp_submap_radius': 8.220153140970796, 'gicp_min_conf': 0.29183418034986414, 'map_voxel': 0.2366694182484288}. Best is trial 22 with value: 1.7453275797914858.
[trial0057] ATE-RMSE=8.8897 m  matched=530  (394s)
[I 2026-06-16 16:41:20,302] Trial 57 finished with value: 8.889711741414411 and parameters: {'imu_base_weight': 0.4786206237289149, 'ieskf_sigma_gyro': 0.002796010747873702, 'ieskf_sigma_accel': 0.0266610959116081, 'ieskf_sigma_bg': 0.00022062787642596925, 'ieskf_sigma_ba': 0.002827787342020941, 'ieskf_meas_noise_pos': 0.01645917450936758, 'ieskf_meas_noise_rot': 0.005608396542444942, 'ieskf_init_p_cov': 0.009551442488306666, 'ieskf_init_bg_cov': 5.747179599401232e-05, 'ieskf_init_ba_cov': 0.0064720764791823295, 'ieskf_init_g_cov': 0.0011396228096579768, 'gicp_chi2_threshold': 140.87075890391418, 'ieskf_max_iters': 6, 'motion_rot_noise_scale': 2.8669118610848794, 'motion_trans_pos_noise_scale': 1.2158571074404396, 'zupt_sigma_v': 0.0030698149434303435, 'soft_z_sigma': 0.10760969631691726, 'gicp_max_corr_distance': 2.6038141325686235, 'gicp_voxel_size': 0.36101527614299306, 'gicp_max_iterations': 29, 'gicp_submap_radius': 7.203301994382429, 'gicp_min_conf': 0.23756068670622968, 'map_voxel': 0.27434122189603544}. Best is trial 22 with value: 1.7453275797914858.
[trial0058] ATE-RMSE=28.9985 m  matched=543  (395s)
[I 2026-06-16 16:47:55,760] Trial 58 finished with value: 28.99850855031705 and parameters: {'imu_base_weight': 0.7480863674373678, 'ieskf_sigma_gyro': 0.003952825659937024, 'ieskf_sigma_accel': 0.009709752813542616, 'ieskf_sigma_bg': 0.00010216913097787953, 'ieskf_sigma_ba': 0.0011188823747825454, 'ieskf_meas_noise_pos': 0.004018699038041278, 'ieskf_meas_noise_rot': 0.004299241942982232, 'ieskf_init_p_cov': 0.0028592891158841205, 'ieskf_init_bg_cov': 0.08429143359249987, 'ieskf_init_ba_cov': 0.0172301474020063, 'ieskf_init_g_cov': 0.01903183008842149, 'gicp_chi2_threshold': 119.60311856026959, 'ieskf_max_iters': 6, 'motion_rot_noise_scale': 2.2420561973053443, 'motion_trans_pos_noise_scale': 1.5732027030395366, 'zupt_sigma_v': 0.060721205757628315, 'soft_z_sigma': 0.13747600575734878, 'gicp_max_corr_distance': 2.232271534868571, 'gicp_voxel_size': 0.41992775850867287, 'gicp_max_iterations': 53, 'gicp_submap_radius': 34.00605576272057, 'gicp_min_conf': 0.30187501108133197, 'map_voxel': 0.20363301211531284}. Best is trial 22 with value: 1.7453275797914858.
[trial0059] ATE-RMSE=1.3695 m  matched=547  (394s)
[I 2026-06-16 16:54:29,982] Trial 59 finished with value: 1.3694922626713848 and parameters: {'imu_base_weight': 0.5402565025243714, 'ieskf_sigma_gyro': 0.0015500788382752696, 'ieskf_sigma_accel': 0.05660052468829168, 'ieskf_sigma_bg': 3.9831453045658726e-05, 'ieskf_sigma_ba': 0.000820825137306368, 'ieskf_meas_noise_pos': 0.011102909558720911, 'ieskf_meas_noise_rot': 0.010474597798767941, 'ieskf_init_p_cov': 0.0063284333696330235, 'ieskf_init_bg_cov': 0.018613598098722536, 'ieskf_init_ba_cov': 0.0009508587577061089, 'ieskf_init_g_cov': 0.005614517309131685, 'gicp_chi2_threshold': 80.59511870168846, 'ieskf_max_iters': 5, 'motion_rot_noise_scale': 1.0168418607403464, 'motion_trans_pos_noise_scale': 1.8244780224957036, 'zupt_sigma_v': 0.004389502988077161, 'soft_z_sigma': 0.021760492596288095, 'gicp_max_corr_distance': 1.1737703811310376, 'gicp_voxel_size': 0.2885831743172369, 'gicp_max_iterations': 85, 'gicp_submap_radius': 12.66745422305856, 'gicp_min_conf': 0.36295080229331694, 'map_voxel': 0.16484884624106003}. Best is trial 59 with value: 1.3694922626713848.
[trial0060] ATE-RMSE=2.5049 m  matched=543  (394s)
[I 2026-06-16 17:01:04,207] Trial 60 finished with value: 2.504899686710033 and parameters: {'imu_base_weight': 0.6254093010808005, 'ieskf_sigma_gyro': 0.0009341729343248032, 'ieskf_sigma_accel': 0.08133488404542777, 'ieskf_sigma_bg': 5.836099695805216e-05, 'ieskf_sigma_ba': 0.0007665765936068734, 'ieskf_meas_noise_pos': 0.0011150176999970341, 'ieskf_meas_noise_rot': 0.023017787363971868, 'ieskf_init_p_cov': 0.00641784865419804, 'ieskf_init_bg_cov': 0.001708760835919021, 'ieskf_init_ba_cov': 0.0009278621177993139, 'ieskf_init_g_cov': 0.004643219151101321, 'gicp_chi2_threshold': 69.76545749730481, 'ieskf_max_iters': 4, 'motion_rot_noise_scale': 7.28943177019983, 'motion_trans_pos_noise_scale': 2.357026584135477, 'zupt_sigma_v': 0.004295706184656975, 'soft_z_sigma': 0.019460007309045277, 'gicp_max_corr_distance': 1.1547531977732222, 'gicp_voxel_size': 0.2008090310122057, 'gicp_max_iterations': 83, 'gicp_submap_radius': 12.627712646805755, 'gicp_min_conf': 0.3644038773265736, 'map_voxel': 0.1623281532936116}. Best is trial 59 with value: 1.3694922626713848.
[trial0061] ATE-RMSE=2.2409 m  matched=423  (394s)
[I 2026-06-16 17:07:38,657] Trial 61 finished with value: 2.2409470418618476 and parameters: {'imu_base_weight': 0.5080764241816643, 'ieskf_sigma_gyro': 0.0006290200566310439, 'ieskf_sigma_accel': 0.054961413004258705, 'ieskf_sigma_bg': 3.8025099723474984e-05, 'ieskf_sigma_ba': 0.00039091538882910144, 'ieskf_meas_noise_pos': 0.011491216834535306, 'ieskf_meas_noise_rot': 0.08869686782568059, 'ieskf_init_p_cov': 0.004429867320227655, 'ieskf_init_bg_cov': 0.011449932862324005, 'ieskf_init_ba_cov': 0.00152957735337439, 'ieskf_init_g_cov': 0.009744635743665096, 'gicp_chi2_threshold': 82.93085399938728, 'ieskf_max_iters': 4, 'motion_rot_noise_scale': 1.8835567446862491, 'motion_trans_pos_noise_scale': 1.8776891424898423, 'zupt_sigma_v': 0.006508044667038723, 'soft_z_sigma': 0.021665586408714972, 'gicp_max_corr_distance': 0.7293862324766852, 'gicp_voxel_size': 0.2502603868184841, 'gicp_max_iterations': 95, 'gicp_submap_radius': 24.195767562836537, 'gicp_min_conf': 0.1595286698611344, 'map_voxel': 0.06535452318886945}. Best is trial 59 with value: 1.3694922626713848.
[trial0062] ATE-RMSE=2.7502 m  matched=553  (394s)
[I 2026-06-16 17:14:12,911] Trial 62 finished with value: 2.7502176964219953 and parameters: {'imu_base_weight': 0.557924629179446, 'ieskf_sigma_gyro': 0.0016670080794270155, 'ieskf_sigma_accel': 0.04554272584601241, 'ieskf_sigma_bg': 2.743021299926816e-05, 'ieskf_sigma_ba': 0.0008741985807203015, 'ieskf_meas_noise_pos': 0.005613607922181755, 'ieskf_meas_noise_rot': 0.010089372565870263, 'ieskf_init_p_cov': 1.4358137112440263, 'ieskf_init_bg_cov': 0.01822002276211775, 'ieskf_init_ba_cov': 0.0026142048651632754, 'ieskf_init_g_cov': 0.006005758958717411, 'gicp_chi2_threshold': 78.514620625898, 'ieskf_max_iters': 5, 'motion_rot_noise_scale': 1.2086680177291156, 'motion_trans_pos_noise_scale': 1.3123745002343754, 'zupt_sigma_v': 0.0034045224465912628, 'soft_z_sigma': 0.01630801748725383, 'gicp_max_corr_distance': 1.4802773185765243, 'gicp_voxel_size': 0.28568019990192645, 'gicp_max_iterations': 77, 'gicp_submap_radius': 38.9489871050979, 'gicp_min_conf': 0.39176028412052344, 'map_voxel': 0.2189333042868048}. Best is trial 59 with value: 1.3694922626713848.

=== BEST ===
  value (ATE-RMSE): 1.3695 m
  imu_base_weight: 0.5402565025243714
  ieskf_sigma_gyro: 0.0015500788382752696
  ieskf_sigma_accel: 0.05660052468829168
  ieskf_sigma_bg: 3.9831453045658726e-05
  ieskf_sigma_ba: 0.000820825137306368
  ieskf_meas_noise_pos: 0.011102909558720911
  ieskf_meas_noise_rot: 0.010474597798767941
  ieskf_init_p_cov: 0.0063284333696330235
  ieskf_init_bg_cov: 0.018613598098722536
  ieskf_init_ba_cov: 0.0009508587577061089
  ieskf_init_g_cov: 0.005614517309131685
  gicp_chi2_threshold: 80.59511870168846
  ieskf_max_iters: 5
  motion_rot_noise_scale: 1.0168418607403464
  motion_trans_pos_noise_scale: 1.8244780224957036
  zupt_sigma_v: 0.004389502988077161
  soft_z_sigma: 0.021760492596288095
  gicp_max_corr_distance: 1.1737703811310376
  gicp_voxel_size: 0.2885831743172369
  gicp_max_iterations: 85
  gicp_submap_radius: 12.66745422305856
  gicp_min_conf: 0.36295080229331694
  map_voxel: 0.16484884624106003

Best config → /u/97/habibip1/unix/ros2_ws/src/regnonrep/config/lio_v2_tier_avia_tuned_full.yaml
