[I 2026-06-16 10:14:14,551] Using an existing study with name 'lio_v2_full_indoor1' instead of creating a new one.
=== Optuna full-bag tuning: lio_v2_full_indoor1 (KF + registration) ===
  bag /u/97/habibip1/unix/point_cloud_registeration_benchmark/dataset/Tier/Livox_avia/indoor1_avia/indoor1_avia
  gt /u/97/habibip1/unix/point_cloud_registeration_benchmark/dataset/Tier/Livox_avia/indoor1_avia/indoor1_avia.tum
  rate 0.3  storage sqlite:////u/97/habibip1/unix/ros2_ws/src/regnonrep/tum/optuna_full/lio_v2_full_indoor1.db
  trials 50 (done: 13)
[trial0013] ATE-RMSE=4.1073 m  matched=509  (394s)
[I 2026-06-16 10:20:49,058] Trial 13 finished with value: 4.107315597985586 and parameters: {'imu_base_weight': 0.6561432886282053, 'ieskf_sigma_gyro': 0.0017924420042481344, 'ieskf_sigma_accel': 0.02755748478366536, 'ieskf_sigma_bg': 6.104877155576248e-05, 'ieskf_sigma_ba': 0.00046050571989597746, 'ieskf_meas_noise_pos': 0.01965816465376691, 'ieskf_meas_noise_rot': 0.0010467122844149202, 'ieskf_init_p_cov': 0.011271520105123556, 'ieskf_init_bg_cov': 0.00026903488168686363, 'ieskf_init_ba_cov': 0.0012775215110810642, 'ieskf_init_g_cov': 0.0015898650549271791, 'gicp_chi2_threshold': 93.59034886037367, 'ieskf_max_iters': 5, 'motion_rot_noise_scale': 7.043181536600739, 'motion_trans_pos_noise_scale': 3.9425011808947046, 'zupt_sigma_v': 0.03034983988080107, 'soft_z_sigma': 0.11463163128594571, 'gicp_max_corr_distance': 0.5245946154629212, 'gicp_voxel_size': 0.05158124027025145, 'gicp_max_iterations': 40, 'gicp_submap_radius': 39.972484038234285, 'gicp_min_conf': 0.05761221990441469, 'map_voxel': 0.08562961829228155}. Best is trial 4 with value: 1.7973838949003662.
[trial0014] ATE-RMSE=4.9699 m  matched=540  (394s)
[I 2026-06-16 10:27:23,331] Trial 14 finished with value: 4.969884496167075 and parameters: {'imu_base_weight': 0.49643718095274286, 'ieskf_sigma_gyro': 0.0004957547237088648, 'ieskf_sigma_accel': 0.011906605141784356, 'ieskf_sigma_bg': 0.00034983170563822173, 'ieskf_sigma_ba': 0.0019480005358814756, 'ieskf_meas_noise_pos': 0.408396536195659, 'ieskf_meas_noise_rot': 0.0026143783521608713, 'ieskf_init_p_cov': 0.0863688414091306, 'ieskf_init_bg_cov': 0.0003199756064732436, 'ieskf_init_ba_cov': 0.018160795832556947, 'ieskf_init_g_cov': 0.010646920348371022, 'gicp_chi2_threshold': 64.32435186820817, 'ieskf_max_iters': 4, 'motion_rot_noise_scale': 5.543638398607174, 'motion_trans_pos_noise_scale': 3.8306602296519867, 'zupt_sigma_v': 0.04131731287812945, 'soft_z_sigma': 0.010529650702479954, 'gicp_max_corr_distance': 2.360363448617208, 'gicp_voxel_size': 0.07830757472989393, 'gicp_max_iterations': 59, 'gicp_submap_radius': 29.818240288998734, 'gicp_min_conf': 0.1943825803789177, 'map_voxel': 0.12148667588729599}. Best is trial 4 with value: 1.7973838949003662.
[trial0015] ATE-RMSE=2.2782 m  matched=460  (394s)
[I 2026-06-16 10:33:57,671] Trial 15 finished with value: 2.278205722753725 and parameters: {'imu_base_weight': 0.22389721299067278, 'ieskf_sigma_gyro': 0.0024807514186242236, 'ieskf_sigma_accel': 0.048968444807536704, 'ieskf_sigma_bg': 0.00024216653449940533, 'ieskf_sigma_ba': 0.00043954153303034024, 'ieskf_meas_noise_pos': 0.004295260797955278, 'ieskf_meas_noise_rot': 0.006426201225550218, 'ieskf_init_p_cov': 0.004990768787094603, 'ieskf_init_bg_cov': 0.013941300929495823, 'ieskf_init_ba_cov': 0.0011392357225195008, 'ieskf_init_g_cov': 0.000993775600704924, 'gicp_chi2_threshold': 128.9396057170289, 'ieskf_max_iters': 5, 'motion_rot_noise_scale': 8.454086109884225, 'motion_trans_pos_noise_scale': 1.836827594507086, 'zupt_sigma_v': 0.013159269648126857, 'soft_z_sigma': 0.11313953580148953, 'gicp_max_corr_distance': 1.3839195326243692, 'gicp_voxel_size': 0.13651368040223297, 'gicp_max_iterations': 78, 'gicp_submap_radius': 43.052661453820704, 'gicp_min_conf': 0.3426980022709897, 'map_voxel': 0.06615658214438162}. Best is trial 4 with value: 1.7973838949003662.
[trial0016] ATE-RMSE=17.7143 m  matched=539  (394s)
[I 2026-06-16 10:40:32,012] Trial 16 finished with value: 17.71432646810621 and parameters: {'imu_base_weight': 0.7825943350200484, 'ieskf_sigma_gyro': 0.0007704627189540474, 'ieskf_sigma_accel': 0.017871085711330326, 'ieskf_sigma_bg': 7.123498417990455e-05, 'ieskf_sigma_ba': 0.000701551235370352, 'ieskf_meas_noise_pos': 0.01672333169746683, 'ieskf_meas_noise_rot': 0.0018883087069655816, 'ieskf_init_p_cov': 0.26099620827768655, 'ieskf_init_bg_cov': 0.013810977128634098, 'ieskf_init_ba_cov': 0.018141726528349104, 'ieskf_init_g_cov': 0.06101693294713205, 'gicp_chi2_threshold': 124.81468803897867, 'ieskf_max_iters': 6, 'motion_rot_noise_scale': 1.110303260141654, 'motion_trans_pos_noise_scale': 3.8417122510123853, 'zupt_sigma_v': 0.05168998951247787, 'soft_z_sigma': 0.2314503243699987, 'gicp_max_corr_distance': 2.8876860605871144, 'gicp_voxel_size': 0.0640456733110411, 'gicp_max_iterations': 33, 'gicp_submap_radius': 37.888039886711326, 'gicp_min_conf': 0.2113386207998849, 'map_voxel': 0.11592349712520797}. Best is trial 4 with value: 1.7973838949003662.
[trial0017] ATE-RMSE=2.2039 m  matched=465  (394s)
[I 2026-06-16 10:47:06,327] Trial 17 finished with value: 2.203884764958833 and parameters: {'imu_base_weight': 0.5207740910388896, 'ieskf_sigma_gyro': 0.0012618211837701165, 'ieskf_sigma_accel': 0.006431873710461322, 'ieskf_sigma_bg': 4.927943833148059e-05, 'ieskf_sigma_ba': 0.002102034269871895, 'ieskf_meas_noise_pos': 0.0010748914956883687, 'ieskf_meas_noise_rot': 0.010645766671035527, 'ieskf_init_p_cov': 0.0947493245820518, 'ieskf_init_bg_cov': 0.00026984365762961, 'ieskf_init_ba_cov': 0.002444436163607055, 'ieskf_init_g_cov': 0.0007786168294701699, 'gicp_chi2_threshold': 35.35975917962022, 'ieskf_max_iters': 3, 'motion_rot_noise_scale': 5.542428484856815, 'motion_trans_pos_noise_scale': 3.2252876452834713, 'zupt_sigma_v': 0.013355546608275348, 'soft_z_sigma': 0.018644510057737033, 'gicp_max_corr_distance': 1.0381166811182574, 'gicp_voxel_size': 0.10982981092427545, 'gicp_max_iterations': 57, 'gicp_submap_radius': 49.275760854229844, 'gicp_min_conf': 0.3257272112414439, 'map_voxel': 0.07018700647584232}. Best is trial 4 with value: 1.7973838949003662.
[trial0018] ATE-RMSE=2.2256 m  matched=547  (394s)
[I 2026-06-16 10:53:40,625] Trial 18 finished with value: 2.2255746027247527 and parameters: {'imu_base_weight': 0.24258655625627315, 'ieskf_sigma_gyro': 0.004828690914011726, 'ieskf_sigma_accel': 0.05722797934833986, 'ieskf_sigma_bg': 0.00019101183059119008, 'ieskf_sigma_ba': 0.00028760617402275073, 'ieskf_meas_noise_pos': 0.0026291236725177517, 'ieskf_meas_noise_rot': 0.001038805153230229, 'ieskf_init_p_cov': 0.00488561931871147, 'ieskf_init_bg_cov': 1.1004018872101442e-05, 'ieskf_init_ba_cov': 0.018168077007519552, 'ieskf_init_g_cov': 0.003983872381265235, 'gicp_chi2_threshold': 75.17490211807782, 'ieskf_max_iters': 5, 'motion_rot_noise_scale': 8.458833094836274, 'motion_trans_pos_noise_scale': 1.8194758816891965, 'zupt_sigma_v': 0.018065088258590926, 'soft_z_sigma': 0.07306047862826127, 'gicp_max_corr_distance': 2.0490334968632675, 'gicp_voxel_size': 0.18753319556123701, 'gicp_max_iterations': 85, 'gicp_submap_radius': 31.069424747423195, 'gicp_min_conf': 0.052098998281065845, 'map_voxel': 0.127479333125484}. Best is trial 4 with value: 1.7973838949003662.
[trial0019] ATE-RMSE=3.4867 m  matched=555  (394s)
[I 2026-06-16 11:00:14,848] Trial 19 finished with value: 3.486693755455961 and parameters: {'imu_base_weight': 0.7698005647043321, 'ieskf_sigma_gyro': 0.00039485509675036363, 'ieskf_sigma_accel': 0.021334386564093175, 'ieskf_sigma_bg': 0.0003405676169723663, 'ieskf_sigma_ba': 0.0015915444980842215, 'ieskf_meas_noise_pos': 0.026137509513383835, 'ieskf_meas_noise_rot': 0.005205756599605321, 'ieskf_init_p_cov': 0.3727057106870247, 'ieskf_init_bg_cov': 0.00091903009160507, 'ieskf_init_ba_cov': 0.000457505343327137, 'ieskf_init_g_cov': 0.01266116647167931, 'gicp_chi2_threshold': 153.2239818682233, 'ieskf_max_iters': 6, 'motion_rot_noise_scale': 2.2377825052048594, 'motion_trans_pos_noise_scale': 4.561193732868876, 'zupt_sigma_v': 0.041554643628971114, 'soft_z_sigma': 0.017891724747308685, 'gicp_max_corr_distance': 0.5239787328379173, 'gicp_voxel_size': 0.3402417504732712, 'gicp_max_iterations': 72, 'gicp_submap_radius': 42.469325453714085, 'gicp_min_conf': 0.48287769329762686, 'map_voxel': 0.22248376205779813}. Best is trial 4 with value: 1.7973838949003662.
[trial0020] ATE-RMSE=2.8126 m  matched=509  (394s)
[I 2026-06-16 11:06:49,143] Trial 20 finished with value: 2.8125738667623237 and parameters: {'imu_base_weight': 0.49563568617270026, 'ieskf_sigma_gyro': 0.002442283347006287, 'ieskf_sigma_accel': 0.0059692870818741, 'ieskf_sigma_bg': 0.00010819037501282728, 'ieskf_sigma_ba': 0.003868327914860676, 'ieskf_meas_noise_pos': 0.009141168705134296, 'ieskf_meas_noise_rot': 0.002037000158385144, 'ieskf_init_p_cov': 9.12664747970252, 'ieskf_init_bg_cov': 0.014076355781672831, 'ieskf_init_ba_cov': 0.007359202611320763, 'ieskf_init_g_cov': 0.0005309477520631866, 'gicp_chi2_threshold': 105.32469995844075, 'ieskf_max_iters': 4, 'motion_rot_noise_scale': 5.067147034241865, 'motion_trans_pos_noise_scale': 1.414124674678634, 'zupt_sigma_v': 0.09207153076274126, 'soft_z_sigma': 0.20607857698797685, 'gicp_max_corr_distance': 1.3160838891368982, 'gicp_voxel_size': 0.0697854667247205, 'gicp_max_iterations': 30, 'gicp_submap_radius': 35.10144142787098, 'gicp_min_conf': 0.13445857440829173, 'map_voxel': 0.10158384110009118}. Best is trial 4 with value: 1.7973838949003662.
[trial0021] ATE-RMSE=3.0956 m  matched=384  (394s)
[I 2026-06-16 11:13:23,498] Trial 21 finished with value: 3.0955890826125168 and parameters: {'imu_base_weight': 0.2113612093587096, 'ieskf_sigma_gyro': 0.0002869162178461832, 'ieskf_sigma_accel': 0.04876198439199455, 'ieskf_sigma_bg': 4.212808922473591e-05, 'ieskf_sigma_ba': 0.0006631496003479069, 'ieskf_meas_noise_pos': 0.0031201754320521586, 'ieskf_meas_noise_rot': 0.021509307156333462, 'ieskf_init_p_cov': 0.09577140717875504, 'ieskf_init_bg_cov': 9.996834270163777e-05, 'ieskf_init_ba_cov': 4.894618652952561e-05, 'ieskf_init_g_cov': 0.003601865827197961, 'gicp_chi2_threshold': 82.7052751656734, 'ieskf_max_iters': 3, 'motion_rot_noise_scale': 8.622859990155058, 'motion_trans_pos_noise_scale': 3.188790552553886, 'zupt_sigma_v': 0.05426254373958731, 'soft_z_sigma': 0.38305188433243614, 'gicp_max_corr_distance': 2.7859013061078417, 'gicp_voxel_size': 0.1149055473236782, 'gicp_max_iterations': 52, 'gicp_submap_radius': 5.728790485397287, 'gicp_min_conf': 0.4081765118820716, 'map_voxel': 0.06561924311013966}. Best is trial 4 with value: 1.7973838949003662.
[trial0022] ATE-RMSE=1.7453 m  matched=547  (394s)
[I 2026-06-16 11:19:57,744] Trial 22 finished with value: 1.7453275797914858 and parameters: {'imu_base_weight': 0.32509138668837045, 'ieskf_sigma_gyro': 0.009222823702820631, 'ieskf_sigma_accel': 0.09714664375797878, 'ieskf_sigma_bg': 3.5883425149316924e-05, 'ieskf_sigma_ba': 0.0009135480052464238, 'ieskf_meas_noise_pos': 0.00670188432353358, 'ieskf_meas_noise_rot': 0.004667399495227591, 'ieskf_init_p_cov': 0.0014057027126860124, 'ieskf_init_bg_cov': 0.032043981841057105, 'ieskf_init_ba_cov': 0.0009863414033160782, 'ieskf_init_g_cov': 0.0003734558493079895, 'gicp_chi2_threshold': 56.22711176858572, 'ieskf_max_iters': 6, 'motion_rot_noise_scale': 2.814665675232732, 'motion_trans_pos_noise_scale': 2.3146146287068143, 'zupt_sigma_v': 0.008228989640942874, 'soft_z_sigma': 0.16855891475884832, 'gicp_max_corr_distance': 1.6541803673767348, 'gicp_voxel_size': 0.27632757931457375, 'gicp_max_iterations': 84, 'gicp_submap_radius': 16.83957697443907, 'gicp_min_conf': 0.3745660889189928, 'map_voxel': 0.09773770030754393}. Best is trial 22 with value: 1.7453275797914858.
[trial0023] ATE-RMSE=3.8295 m  matched=520  (394s)
[I 2026-06-16 11:26:32,002] Trial 23 finished with value: 3.8294714402500967 and parameters: {'imu_base_weight': 0.3030701583878503, 'ieskf_sigma_gyro': 0.006080853534706466, 'ieskf_sigma_accel': 0.0682584775703727, 'ieskf_sigma_bg': 7.868757539366315e-05, 'ieskf_sigma_ba': 0.0006897622044991272, 'ieskf_meas_noise_pos': 0.010023694860962998, 'ieskf_meas_noise_rot': 0.0036465919269490998, 'ieskf_init_p_cov': 0.003738096331228396, 'ieskf_init_bg_cov': 0.033872003468594196, 'ieskf_init_ba_cov': 0.001996046007534923, 'ieskf_init_g_cov': 0.00045759315824509716, 'gicp_chi2_threshold': 39.45268386792639, 'ieskf_max_iters': 6, 'motion_rot_noise_scale': 2.1903338720862875, 'motion_trans_pos_noise_scale': 2.473363186129812, 'zupt_sigma_v': 0.005708063943692947, 'soft_z_sigma': 0.1579093395108168, 'gicp_max_corr_distance': 1.8714116861816779, 'gicp_voxel_size': 0.4807883642592162, 'gicp_max_iterations': 92, 'gicp_submap_radius': 23.001470113391214, 'gicp_min_conf': 0.40789624304079425, 'map_voxel': 0.08210024485506578}. Best is trial 22 with value: 1.7453275797914858.
[trial0024] ATE-RMSE=2.4449 m  matched=546  (394s)
[I 2026-06-16 11:33:06,230] Trial 24 finished with value: 2.4449421992420333 and parameters: {'imu_base_weight': 0.13900922860913312, 'ieskf_sigma_gyro': 0.003347092899342459, 'ieskf_sigma_accel': 0.03764827481996307, 'ieskf_sigma_bg': 3.4401059184604955e-05, 'ieskf_sigma_ba': 0.0013883191208705398, 'ieskf_meas_noise_pos': 0.0047850440705165115, 'ieskf_meas_noise_rot': 0.001846753486227619, 'ieskf_init_p_cov': 0.0010032459667122875, 'ieskf_init_bg_cov': 0.007410785953495469, 'ieskf_init_ba_cov': 0.0005243666133194892, 'ieskf_init_g_cov': 0.0015777201030456268, 'gicp_chi2_threshold': 57.9143031991709, 'ieskf_max_iters': 5, 'motion_rot_noise_scale': 4.689152288664869, 'motion_trans_pos_noise_scale': 2.1998323661300883, 'zupt_sigma_v': 0.015310816824702325, 'soft_z_sigma': 0.07341896142396995, 'gicp_max_corr_distance': 1.013576379353843, 'gicp_voxel_size': 0.27526897603686795, 'gicp_max_iterations': 100, 'gicp_submap_radius': 27.648783483705536, 'gicp_min_conf': 0.3521464238611618, 'map_voxel': 0.13965622722525173}. Best is trial 22 with value: 1.7453275797914858.
[trial0025] ATE-RMSE=1.8618 m  matched=547  (394s)
[I 2026-06-16 11:39:40,527] Trial 25 finished with value: 1.86178008922728 and parameters: {'imu_base_weight': 0.051305010613478086, 'ieskf_sigma_gyro': 0.0013318871542242884, 'ieskf_sigma_accel': 0.09650343997579658, 'ieskf_sigma_bg': 0.00025158917921727164, 'ieskf_sigma_ba': 0.0008806492493769802, 'ieskf_meas_noise_pos': 0.0017784579571317534, 'ieskf_meas_noise_rot': 0.0067980201920736765, 'ieskf_init_p_cov': 0.0028232241446259363, 'ieskf_init_bg_cov': 0.03306315782563492, 'ieskf_init_ba_cov': 0.010157434035036678, 'ieskf_init_g_cov': 0.007164317798078948, 'gicp_chi2_threshold': 23.78394300598957, 'ieskf_max_iters': 6, 'motion_rot_noise_scale': 1.9901399771970347, 'motion_trans_pos_noise_scale': 1.4610599071957144, 'zupt_sigma_v': 0.009786469023464436, 'soft_z_sigma': 0.1595664465200817, 'gicp_max_corr_distance': 2.404696459865237, 'gicp_voxel_size': 0.1717257983193286, 'gicp_max_iterations': 85, 'gicp_submap_radius': 17.567036486660783, 'gicp_min_conf': 0.4336583158372863, 'map_voxel': 0.10065343752529453}. Best is trial 22 with value: 1.7453275797914858.
[trial0026] ATE-RMSE=2.2061 m  matched=547  (394s)
[I 2026-06-16 11:46:14,731] Trial 26 finished with value: 2.206113817379448 and parameters: {'imu_base_weight': 0.05835486001392509, 'ieskf_sigma_gyro': 0.0012983628652246343, 'ieskf_sigma_accel': 0.09040459957250592, 'ieskf_sigma_bg': 0.00035923091075157955, 'ieskf_sigma_ba': 0.0028365288353220676, 'ieskf_meas_noise_pos': 0.001866985423326049, 'ieskf_meas_noise_rot': 0.008159761722899748, 'ieskf_init_p_cov': 0.002510726323356534, 'ieskf_init_bg_cov': 0.0066740534547877995, 'ieskf_init_ba_cov': 0.029334182271476633, 'ieskf_init_g_cov': 0.010363431290535081, 'gicp_chi2_threshold': 14.922394431081145, 'ieskf_max_iters': 6, 'motion_rot_noise_scale': 2.0129273140349193, 'motion_trans_pos_noise_scale': 1.4985143839349326, 'zupt_sigma_v': 0.008081813752800536, 'soft_z_sigma': 0.30907154728163916, 'gicp_max_corr_distance': 2.5005888625116914, 'gicp_voxel_size': 0.17275032414208896, 'gicp_max_iterations': 68, 'gicp_submap_radius': 17.601540475741906, 'gicp_min_conf': 0.4388157961589502, 'map_voxel': 0.1077658037271015}. Best is trial 22 with value: 1.7453275797914858.
[trial0027] ATE-RMSE=3.4493 m  matched=555  (394s)
[I 2026-06-16 11:52:48,850] Trial 27 finished with value: 3.4493011367359636 and parameters: {'imu_base_weight': 0.5917573421138594, 'ieskf_sigma_gyro': 0.00015352264861357914, 'ieskf_sigma_accel': 0.06618713906929864, 'ieskf_sigma_bg': 0.00021313707319551022, 'ieskf_sigma_ba': 0.0003160193476925529, 'ieskf_meas_noise_pos': 0.0016139554564837246, 'ieskf_meas_noise_rot': 0.016913245790196797, 'ieskf_init_p_cov': 0.012529923989151797, 'ieskf_init_bg_cov': 0.03294379094484595, 'ieskf_init_ba_cov': 0.01083897944735442, 'ieskf_init_g_cov': 0.04044981514921887, 'gicp_chi2_threshold': 23.00093973068246, 'ieskf_max_iters': 6, 'motion_rot_noise_scale': 3.000954864696886, 'motion_trans_pos_noise_scale': 1.5023450878551516, 'zupt_sigma_v': 0.009757257741652123, 'soft_z_sigma': 0.17466836489936924, 'gicp_max_corr_distance': 3.307250656821329, 'gicp_voxel_size': 0.29771783676411906, 'gicp_max_iterations': 78, 'gicp_submap_radius': 12.549532276004609, 'gicp_min_conf': 0.4961783325684115, 'map_voxel': 0.1382376554755013}. Best is trial 22 with value: 1.7453275797914858.
[trial0028] ATE-RMSE=4.8388 m  matched=554  (394s)
[I 2026-06-16 11:59:23,018] Trial 28 finished with value: 4.8387763557362655 and parameters: {'imu_base_weight': 0.9486769170515832, 'ieskf_sigma_gyro': 0.0007810995663218347, 'ieskf_sigma_accel': 0.0685823564811819, 'ieskf_sigma_bg': 0.0005255574866739624, 'ieskf_sigma_ba': 0.0008032384234296547, 'ieskf_meas_noise_pos': 0.030134127526992426, 'ieskf_meas_noise_rot': 0.03231379587424737, 'ieskf_init_p_cov': 0.0024336997421522074, 'ieskf_init_bg_cov': 0.08786549727362261, 'ieskf_init_ba_cov': 0.0007668148342782742, 'ieskf_init_g_cov': 0.16188503999222353, 'gicp_chi2_threshold': 32.44134518506554, 'ieskf_max_iters': 6, 'motion_rot_noise_scale': 1.7030151330620185, 'motion_trans_pos_noise_scale': 2.363576797817682, 'zupt_sigma_v': 0.0010179178313543188, 'soft_z_sigma': 0.07301217973684306, 'gicp_max_corr_distance': 3.4953364446644946, 'gicp_voxel_size': 0.21153576848755928, 'gicp_max_iterations': 85, 'gicp_submap_radius': 8.403287562160392, 'gicp_min_conf': 0.38073730276033835, 'map_voxel': 0.19526563196808197}. Best is trial 22 with value: 1.7453275797914858.
[trial0029] ATE-RMSE=2.5424 m  matched=493  (394s)
[I 2026-06-16 12:05:57,255] Trial 29 finished with value: 2.5424034920455667 and parameters: {'imu_base_weight': 0.1782176538478748, 'ieskf_sigma_gyro': 0.0015234495252684488, 'ieskf_sigma_accel': 0.02859317172850242, 'ieskf_sigma_bg': 0.0009531609451538093, 'ieskf_sigma_ba': 0.0005382139825735542, 'ieskf_meas_noise_pos': 0.012057508844967351, 'ieskf_meas_noise_rot': 0.012542611560426423, 'ieskf_init_p_cov': 0.008408574720909417, 'ieskf_init_bg_cov': 0.0006460280725446649, 'ieskf_init_ba_cov': 0.00017607757637233074, 'ieskf_init_g_cov': 0.006016253452109782, 'gicp_chi2_threshold': 48.262229270750495, 'ieskf_max_iters': 5, 'motion_rot_noise_scale': 2.665398544801019, 'motion_trans_pos_noise_scale': 0.16463943359422117, 'zupt_sigma_v': 0.002860773568880945, 'soft_z_sigma': 0.30357942313941333, 'gicp_max_corr_distance': 1.5854696847737695, 'gicp_voxel_size': 0.24785743609149583, 'gicp_max_iterations': 74, 'gicp_submap_radius': 22.000346468627544, 'gicp_min_conf': 0.43382454346240035, 'map_voxel': 0.09259482063849117}. Best is trial 22 with value: 1.7453275797914858.
[trial0030] ATE-RMSE=2.0666 m  matched=516  (394s)
[I 2026-06-16 12:12:31,563] Trial 30 finished with value: 2.0666047211145897 and parameters: {'imu_base_weight': 0.4371300895981498, 'ieskf_sigma_gyro': 0.007252279369682001, 'ieskf_sigma_accel': 0.02057883166378376, 'ieskf_sigma_bg': 0.00017068912087083728, 'ieskf_sigma_ba': 0.00016552398960187578, 'ieskf_meas_noise_pos': 0.00248654499305917, 'ieskf_meas_noise_rot': 0.006501110876834529, 'ieskf_init_p_cov': 0.028898008531921066, 'ieskf_init_bg_cov': 0.004819869028488025, 'ieskf_init_ba_cov': 0.007999009213851547, 'ieskf_init_g_cov': 0.0004310211591321471, 'gicp_chi2_threshold': 27.80654454982848, 'ieskf_max_iters': 5, 'motion_rot_noise_scale': 3.469978855050486, 'motion_trans_pos_noise_scale': 1.3476481749657454, 'zupt_sigma_v': 0.005005850799559948, 'soft_z_sigma': 0.15984557577492461, 'gicp_max_corr_distance': 2.3850554931646135, 'gicp_voxel_size': 0.1411721159102296, 'gicp_max_iterations': 46, 'gicp_submap_radius': 14.327778181742186, 'gicp_min_conf': 0.3739874485811168, 'map_voxel': 0.07796710425624569}. Best is trial 22 with value: 1.7453275797914858.
[trial0031] ATE-RMSE=10.8087 m  matched=440  (394s)
[I 2026-06-16 12:19:05,907] Trial 31 finished with value: 10.808715381359713 and parameters: {'imu_base_weight': 0.7437093967588593, 'ieskf_sigma_gyro': 0.009825835146572611, 'ieskf_sigma_accel': 0.03734109911439901, 'ieskf_sigma_bg': 1.7135797959427736e-05, 'ieskf_sigma_ba': 0.00032366991324284984, 'ieskf_meas_noise_pos': 0.006413291973563978, 'ieskf_meas_noise_rot': 0.06073972401241145, 'ieskf_init_p_cov': 0.002620151598527861, 'ieskf_init_bg_cov': 0.022618367873617814, 'ieskf_init_ba_cov': 0.0024976826871725625, 'ieskf_init_g_cov': 0.0008880608161574009, 'gicp_chi2_threshold': 113.31205057489964, 'ieskf_max_iters': 6, 'motion_rot_noise_scale': 4.34438135208325, 'motion_trans_pos_noise_scale': 2.8877464035287517, 'zupt_sigma_v': 0.021274675833418497, 'soft_z_sigma': 0.026544937792524086, 'gicp_max_corr_distance': 2.759848631708422, 'gicp_voxel_size': 0.4223074488138573, 'gicp_max_iterations': 37, 'gicp_submap_radius': 5.6313539826107295, 'gicp_min_conf': 0.2947493231114392, 'map_voxel': 0.11112391753692183}. Best is trial 22 with value: 1.7453275797914858.
[trial0032] ATE-RMSE=2.2053 m  matched=482  (394s)
